android/app/build/intermediates/manifest_merge_blame_file/debug/manifest-merger-blame-debug-report.txt
1<?xml version="1.0" encoding="utf-8"?>
2<manifest xmlns:android="http://schemas.android.com/apk/res/android"
3    package="com.parakh"
4    android:versionCode="1"
5    android:versionName="1.0" >
6
7    <uses-sdk
8        android:minSdkVersion="21"
9        android:targetSdkVersion="33" />
10
11    <uses-permission android:name="android.permission.SYSTEM_ALERT_WINDOW" />
11-->src/debug/AndroidManifest.xml:5:5-77
11-->src/debug/AndroidManifest.xml:5:22-75
12    <uses-permission android:name="android.permission.INTERNET" />
12-->src/main/AndroidManifest.xml:3:5-67
12-->src/main/AndroidManifest.xml:3:22-64
13    <uses-permission android:name="android.permission.CAMERA" />
13-->src/main/AndroidManifest.xml:4:5-64
13-->src/main/AndroidManifest.xml:4:22-62
14
15    <uses-feature
15-->src/main/AndroidManifest.xml:5:5-85
16        android:name="android.hardware.camera"
16-->src/main/AndroidManifest.xml:5:19-57
17        android:required="false" />
17-->src/main/AndroidManifest.xml:5:58-82
18    <uses-feature
18-->src/main/AndroidManifest.xml:6:5-91
19        android:name="android.hardware.camera.front"
19-->src/main/AndroidManifest.xml:6:19-63
20        android:required="false" />
20-->src/main/AndroidManifest.xml:6:64-88
21
22    <uses-permission android:name="android.permission.READ_MEDIA_IMAGES" />
22-->src/main/AndroidManifest.xml:7:5-76
22-->src/main/AndroidManifest.xml:7:22-73
23    <uses-permission android:name="android.permission.READ_EXTERNAL_STORAGE" />
23-->src/main/AndroidManifest.xml:8:5-79
23-->src/main/AndroidManifest.xml:8:22-77
24    <uses-permission android:name="android.permission.ACCESS_WIFI_STATE" />
24-->[com.facebook.flipper:flipper:0.125.0] AndroidManifest.xml:16:5-76
24-->[com.facebook.flipper:flipper:0.125.0] AndroidManifest.xml:16:22-73
25
26    <queries>
26-->[:react-native-image-crop-picker] AndroidManifest.xml:9:5-13:15
27        <intent>
27-->[:react-native-image-crop-picker] AndroidManifest.xml:10:9-12:18
28            <action android:name="android.media.action.IMAGE_CAPTURE" />
28-->[:react-native-image-crop-picker] AndroidManifest.xml:11:13-73
28-->[:react-native-image-crop-picker] AndroidManifest.xml:11:21-70
29        </intent>
30    </queries>
31
32    <uses-permission android:name="android.permission.WRITE_EXTERNAL_STORAGE" />
32-->[:react-native-image-crop-picker] AndroidManifest.xml:15:5-81
32-->[:react-native-image-crop-picker] AndroidManifest.xml:15:22-78
33
34    <application
34-->src/main/AndroidManifest.xml:10:6-29:19
35        android:name="com.parakh.MainApplication"
35-->src/main/AndroidManifest.xml:11:7-38
36        android:allowBackup="false"
36-->src/main/AndroidManifest.xml:15:7-34
37        android:appComponentFactory="androidx.core.app.CoreComponentFactory"
37-->[androidx.core:core:1.7.0] AndroidManifest.xml:24:18-86
38        android:debuggable="true"
39        android:icon="@mipmap/ic_launcher"
39-->src/main/AndroidManifest.xml:13:7-41
40        android:label="@string/app_name"
40-->src/main/AndroidManifest.xml:12:7-39
41        android:roundIcon="@mipmap/ic_launcher_round"
41-->src/main/AndroidManifest.xml:14:7-52
42        android:theme="@style/AppTheme"
42-->src/main/AndroidManifest.xml:16:7-38
43        android:usesCleartextTraffic="true" >
43-->src/debug/AndroidManifest.xml:8:9-44
44        <activity
44-->src/debug/AndroidManifest.xml:11:9-111
45            android:name="com.facebook.react.devsupport.DevSettingsActivity"
45-->src/debug/AndroidManifest.xml:11:19-83
46            android:exported="false" />
46-->src/debug/AndroidManifest.xml:11:84-108
47        <activity
47-->src/main/AndroidManifest.xml:17:7-28:18
48            android:name="com.parakh.MainActivity"
48-->src/main/AndroidManifest.xml:18:9-37
49            android:configChanges="keyboard|keyboardHidden|orientation|screenLayout|screenSize|smallestScreenSize|uiMode"
49-->src/main/AndroidManifest.xml:20:9-118
50            android:exported="true"
50-->src/main/AndroidManifest.xml:23:9-32
51            android:label="@string/app_name"
51-->src/main/AndroidManifest.xml:19:9-41
52            android:launchMode="singleTask"
52-->src/main/AndroidManifest.xml:21:9-40
53            android:windowSoftInputMode="adjustResize" >
53-->src/main/AndroidManifest.xml:22:9-51
54            <intent-filter>
54-->src/main/AndroidManifest.xml:24:9-27:25
55                <action android:name="android.intent.action.MAIN" />
55-->src/main/AndroidManifest.xml:25:13-65
55-->src/main/AndroidManifest.xml:25:21-62
56
57                <category android:name="android.intent.category.LAUNCHER" />
57-->src/main/AndroidManifest.xml:26:13-73
57-->src/main/AndroidManifest.xml:26:23-70
58            </intent-filter>
59        </activity>
60
61        <provider
61-->[:react-native-image-crop-picker] AndroidManifest.xml:18:9-26:20
62            android:name="com.reactnative.ivpusic.imagepicker.IvpusicImagePickerFileProvider"
62-->[:react-native-image-crop-picker] AndroidManifest.xml:19:13-94
63            android:authorities="com.parakh.provider"
63-->[:react-native-image-crop-picker] AndroidManifest.xml:20:13-60
64            android:exported="false"
64-->[:react-native-image-crop-picker] AndroidManifest.xml:21:13-37
65            android:grantUriPermissions="true" >
65-->[:react-native-image-crop-picker] AndroidManifest.xml:22:13-47
66            <meta-data
66-->[:react-native-image-crop-picker] AndroidManifest.xml:23:13-25:78
67                android:name="android.support.FILE_PROVIDER_PATHS"
67-->[:react-native-image-crop-picker] AndroidManifest.xml:24:17-67
68                android:resource="@xml/ivpusic_imagepicker_provider_paths" />
68-->[:react-native-image-crop-picker] AndroidManifest.xml:25:17-75
69        </provider>
70
71        <activity
71-->[:react-native-image-crop-picker] AndroidManifest.xml:28:9-30:72
72            android:name="com.yalantis.ucrop.UCropActivity"
72-->[:react-native-image-crop-picker] AndroidManifest.xml:29:13-60
73            android:theme="@style/Theme.AppCompat.Light.NoActionBar" />
73-->[:react-native-image-crop-picker] AndroidManifest.xml:30:13-69
74
75        <provider
75-->[androidx.emoji2:emoji2:1.0.0] AndroidManifest.xml:26:9-34:20
76            android:name="androidx.startup.InitializationProvider"
76-->[androidx.emoji2:emoji2:1.0.0] AndroidManifest.xml:27:13-67
77            android:authorities="com.parakh.androidx-startup"
77-->[androidx.emoji2:emoji2:1.0.0] AndroidManifest.xml:28:13-68
78            android:exported="false" >
78-->[androidx.emoji2:emoji2:1.0.0] AndroidManifest.xml:29:13-37
79            <meta-data
79-->[androidx.emoji2:emoji2:1.0.0] AndroidManifest.xml:31:13-33:52
80                android:name="androidx.emoji2.text.EmojiCompatInitializer"
80-->[androidx.emoji2:emoji2:1.0.0] AndroidManifest.xml:32:17-75
81                android:value="androidx.startup" />
81-->[androidx.emoji2:emoji2:1.0.0] AndroidManifest.xml:33:17-49
82            <meta-data
82-->[androidx.lifecycle:lifecycle-process:2.4.0] AndroidManifest.xml:31:13-33:52
83                android:name="androidx.lifecycle.ProcessLifecycleInitializer"
83-->[androidx.lifecycle:lifecycle-process:2.4.0] AndroidManifest.xml:32:17-78
84                android:value="androidx.startup" />
84-->[androidx.lifecycle:lifecycle-process:2.4.0] AndroidManifest.xml:33:17-49
85        </provider>
86    </application>
87
88</manifest>